# JRE version: OpenJDK Runtime Environment (11.0.13) (build 11.0.13+0-b1751.21-8125866)
# Java VM: OpenJDK 64-Bit Server VM (11.0.13+0-b1751.21-8125866, mixed mode, tiered, compressed oops, g1 gc, windows-amd64)
Heap:
 garbage-first heap   total 262144K, used 131874K [0x0000000080000000, 0x0000000100000000)
  region size 1024K, 114 young (116736K), 13 survivors (13312K)
 Metaspace       used 48823K, capacity 50245K, committed 50384K, reserved 1093632K
  class space    used 6196K, capacity 6733K, committed 6784K, reserved 1048576K
GC Heap History (10 events):
Event: 5.870 GC heap before
{Heap before GC invocations=0 (full 0):
 garbage-first heap   total 262144K, used 29696K [0x0000000080000000, 0x0000000100000000)
  region size 1024K, 24 young (24576K), 0 survivors (0K)
 Metaspace       used 10164K, capacity 10395K, committed 10624K, reserved 1058816K
  class space    used 1045K, capacity 1106K, committed 1152K, reserved 1048576K
}
Event: 5.875 GC heap after
{Heap after GC invocations=1 (full 0):
 garbage-first heap   total 262144K, used 9126K [0x0000000080000000, 0x0000000100000000)
  region size 1024K, 3 young (3072K), 3 survivors (3072K)
 Metaspace       used 10164K, capacity 10395K, committed 10624K, reserved 1058816K
  class space    used 1045K, capacity 1106K, committed 1152K, reserved 1048576K
}
Event: 13.701 GC heap before
{Heap before GC invocations=1 (full 0):
 garbage-first heap   total 262144K, used 112550K [0x0000000080000000, 0x0000000100000000)
  region size 1024K, 105 young (107520K), 3 survivors (3072K)
 Metaspace       used 20736K, capacity 21191K, committed 21296K, reserved 1069056K
  class space    used 2525K, capacity 2686K, committed 2688K, reserved 1048576K
}
Event: 13.708 GC heap after
{Heap after GC invocations=2 (full 0):
 garbage-first heap   total 262144K, used 17129K [0x0000000080000000, 0x0000000100000000)
  region size 1024K, 11 young (11264K), 11 survivors (11264K)
 Metaspace       used 20736K, capacity 21191K, committed 21296K, reserved 1069056K
  class space    used 2525K, capacity 2686K, committed 2688K, reserved 1048576K
}
Event: 14.082 GC heap before
{Heap before GC invocations=3 (full 0):
 garbage-first heap   total 262144K, used 57065K [0x0000000080000000, 0x0000000100000000)
  region size 1024K, 50 young (51200K), 11 survivors (11264K)
 Metaspace       used 24646K, capacity 25188K, committed 25264K, reserved 1071104K
  class space    used 3145K, capacity 3321K, committed 3328K, reserved 1048576K
}
Event: 14.089 GC heap after
{Heap after GC invocations=4 (full 0):
 garbage-first heap   total 262144K, used 18616K [0x0000000080000000, 0x0000000100000000)
  region size 1024K, 2 young (2048K), 2 survivors (2048K)
 Metaspace       used 24646K, capacity 25188K, committed 25264K, reserved 1071104K
  class space    used 3145K, capacity 3321K, committed 3328K, reserved 1048576K
}
Event: 14.987 GC heap before
{Heap before GC invocations=4 (full 0):
 garbage-first heap   total 262144K, used 94392K [0x0000000080000000, 0x0000000100000000)
  region size 1024K, 77 young (78848K), 2 survivors (2048K)
 Metaspace       used 35019K, capacity 35754K, committed 35920K, reserved 1081344K
  class space    used 4495K, capacity 4788K, committed 4864K, reserved 1048576K
}
Event: 14.993 GC heap after
{Heap after GC invocations=5 (full 0):
 garbage-first heap   total 262144K, used 22348K [0x0000000080000000, 0x0000000100000000)
  region size 1024K, 6 young (6144K), 6 survivors (6144K)
 Metaspace       used 35019K, capacity 35754K, committed 35920K, reserved 1081344K
  class space    used 4495K, capacity 4788K, committed 4864K, reserved 1048576K
}
Event: 15.977 GC heap before
{Heap before GC invocations=6 (full 0):
 garbage-first heap   total 262144K, used 131916K [0x0000000080000000, 0x0000000100000000)
  region size 1024K, 110 young (112640K), 6 survivors (6144K)
 Metaspace       used 44296K, capacity 45368K, committed 45520K, reserved 1089536K
  class space    used 5585K, capacity 5954K, committed 6016K, reserved 1048576K
}
Event: 15.987 GC heap after
{Heap after GC invocations=7 (full 0):
 garbage-first heap   total 262144K, used 29474K [0x0000000080000000, 0x0000000100000000)
  region size 1024K, 13 young (13312K), 13 survivors (13312K)
 Metaspace       used 44296K, capacity 45368K, committed 45520K, reserved 1089536K
  class space    used 5585K, capacity 5954K, committed 6016K, reserved 1048576K
}

